{
"/home/marta/Git/wallet/app/expenseRow.js":{"path":"/home/marta/Git/wallet/app/expenseRow.js","s":{"1":1,"2":1,"3":1,"4":1,"5":3,"6":3,"7":3,"8":3,"9":3,"10":3,"11":1,"12":1,"13":1,"14":1,"15":0,"16":1,"17":1,"18":1,"19":1,"20":1,"21":1,"22":1,"23":0,"24":0,"25":1,"26":0,"27":0,"28":0,"29":1,"30":1,"31":0,"32":1,"33":1,"34":1,"35":1,"36":1,"37":1,"38":0,"39":0,"40":0,"41":0,"42":0,"43":1,"44":0,"45":0,"46":0,"47":0,"48":0,"49":1,"50":1},"b":{"1":[3,3],"2":[3,0],"3":[1,0],"4":[0,1],"5":[0,1],"6":[1,1],"7":[0,0],"8":[0,0],"9":[0,0],"10":[0,0,0],"11":[0,1],"12":[1,0],"13":[1,1],"14":[1,0],"15":[1,0],"16":[0,0]},"f":{"1":1,"2":1,"3":1,"4":1,"5":0,"6":0,"7":1,"8":1,"9":0,"10":0,"11":0,"12":0},"fnMap":{"1":{"name":"(anonymous_1)","line":1,"loc":{"start":{"line":1,"column":94},"end":{"line":1,"column":106}}},"2":{"name":"defineProperties","line":1,"loc":{"start":{"line":1,"column":107},"end":{"line":1,"column":148}}},"3":{"name":"(anonymous_3)","line":1,"loc":{"start":{"line":1,"column":422},"end":{"line":1,"column":470}}},"4":{"name":"_interopRequireDefault","line":2,"loc":{"start":{"line":2,"column":49},"end":{"line":2,"column":86}}},"5":{"name":"_classCallCheck","line":2,"loc":{"start":{"line":2,"column":142},"end":{"line":2,"column":190}}},"6":{"name":"_possibleConstructorReturn","line":2,"loc":{"start":{"line":2,"column":291},"end":{"line":2,"column":339}}},"7":{"name":"_inherits","line":2,"loc":{"start":{"line":2,"column":526},"end":{"line":2,"column":567}}},"8":{"name":"(anonymous_8)","line":5,"loc":{"start":{"line":5,"column":13},"end":{"line":5,"column":41}}},"9":{"name":"ExpenseRow","line":7,"loc":{"start":{"line":7,"column":2},"end":{"line":7,"column":29}}},"10":{"name":"handleClick","line":11,"loc":{"start":{"line":11,"column":123},"end":{"line":14,"column":7}}},"11":{"name":"handleCategoryChange","line":15,"loc":{"start":{"line":15,"column":94},"end":{"line":18,"column":7}}},"12":{"name":"render","line":19,"loc":{"start":{"line":19,"column":97},"end":{"line":22,"column":4}}}},"statementMap":{"1":{"start":{"line":1,"column":13},"end":{"line":1,"column":75}},"2":{"start":{"line":1,"column":75},"end":{"line":1,"column":624}},"3":{"start":{"line":1,"column":107},"end":{"line":1,"column":415}},"4":{"start":{"line":1,"column":149},"end":{"line":1,"column":414}},"5":{"start":{"line":1,"column":189},"end":{"line":1,"column":215}},"6":{"start":{"line":1,"column":215},"end":{"line":1,"column":270}},"7":{"start":{"line":1,"column":270},"end":{"line":1,"column":301}},"8":{"start":{"line":1,"column":301},"end":{"line":1,"column":355}},"9":{"start":{"line":1,"column":328},"end":{"line":1,"column":355}},"10":{"start":{"line":1,"column":355},"end":{"line":1,"column":413}},"11":{"start":{"line":1,"column":415},"end":{"line":1,"column":620}},"12":{"start":{"line":1,"column":471},"end":{"line":1,"column":539}},"13":{"start":{"line":1,"column":487},"end":{"line":1,"column":539}},"14":{"start":{"line":1,"column":539},"end":{"line":1,"column":599}},"15":{"start":{"line":1,"column":556},"end":{"line":1,"column":599}},"16":{"start":{"line":1,"column":599},"end":{"line":1,"column":618}},"17":{"start":{"line":1,"column":624},"end":{"line":1,"column":654}},"18":{"start":{"line":1,"column":654},"end":{"line":1,"column":699}},"19":{"start":{"line":2,"column":0},"end":{"line":2,"column":49}},"20":{"start":{"line":2,"column":49},"end":{"line":2,"column":142}},"21":{"start":{"line":2,"column":87},"end":{"line":2,"column":141}},"22":{"start":{"line":2,"column":142},"end":{"line":2,"column":291}},"23":{"start":{"line":2,"column":191},"end":{"line":2,"column":290}},"24":{"start":{"line":2,"column":232},"end":{"line":2,"column":289}},"25":{"start":{"line":2,"column":291},"end":{"line":2,"column":526}},"26":{"start":{"line":2,"column":340},"end":{"line":2,"column":439}},"27":{"start":{"line":2,"column":352},"end":{"line":2,"column":438}},"28":{"start":{"line":2,"column":439},"end":{"line":2,"column":525}},"29":{"start":{"line":2,"column":526},"end":{"line":2,"column":1014}},"30":{"start":{"line":2,"column":568},"end":{"line":2,"column":731}},"31":{"start":{"line":2,"column":630},"end":{"line":2,"column":730}},"32":{"start":{"line":2,"column":731},"end":{"line":2,"column":895}},"33":{"start":{"line":2,"column":895},"end":{"line":2,"column":1013}},"34":{"start":{"line":2,"column":911},"end":{"line":2,"column":1013}},"35":{"start":{"line":2,"column":1014},"end":{"line":43,"column":266}},"36":{"start":{"line":5,"column":42},"end":{"line":5,"column":82}},"37":{"start":{"line":7,"column":2},"end":{"line":11,"column":68}},"38":{"start":{"line":7,"column":30},"end":{"line":7,"column":64}},"39":{"start":{"line":7,"column":64},"end":{"line":8,"column":12}},"40":{"start":{"line":10,"column":4},"end":{"line":10,"column":72}},"41":{"start":{"line":11,"column":4},"end":{"line":11,"column":54}},"42":{"start":{"line":11,"column":54},"end":{"line":11,"column":67}},"43":{"start":{"line":11,"column":68},"end":{"line":43,"column":219}},"44":{"start":{"line":15,"column":6},"end":{"line":15,"column":51}},"45":{"start":{"line":19,"column":6},"end":{"line":19,"column":68}},"46":{"start":{"line":23,"column":6},"end":{"line":23,"column":49}},"47":{"start":{"line":24,"column":6},"end":{"line":25,"column":44}},"48":{"start":{"line":26,"column":6},"end":{"line":43,"column":213}},"49":{"start":{"line":43,"column":219},"end":{"line":43,"column":237}},"50":{"start":{"line":43,"column":266},"end":{"line":43,"column":295}}},"branchMap":{"1":{"line":1,"type":"binary-expr","locations":[{"start":{"line":1,"column":239},"end":{"line":1,"column":260}},{"start":{"line":1,"column":264},"end":{"line":1,"column":269}}]},"2":{"line":1,"type":"if","locations":[{"start":{"line":1,"column":301},"end":{"line":1,"column":301}},{"start":{"line":1,"column":301},"end":{"line":1,"column":301}}]},"3":{"line":1,"type":"if","locations":[{"start":{"line":1,"column":471},"end":{"line":1,"column":471}},{"start":{"line":1,"column":471},"end":{"line":1,"column":471}}]},"4":{"line":1,"type":"if","locations":[{"start":{"line":1,"column":539},"end":{"line":1,"column":539}},{"start":{"line":1,"column":539},"end":{"line":1,"column":539}}]},"5":{"line":2,"type":"cond-expr","locations":[{"start":{"line":2,"column":118},"end":{"line":2,"column":121}},{"start":{"line":2,"column":124},"end":{"line":2,"column":140}}]},"6":{"line":2,"type":"binary-expr","locations":[{"start":{"line":2,"column":94},"end":{"line":2,"column":97}},{"start":{"line":2,"column":101},"end":{"line":2,"column":115}}]},"7":{"line":2,"type":"if","locations":[{"start":{"line":2,"column":191},"end":{"line":2,"column":191}},{"start":{"line":2,"column":191},"end":{"line":2,"column":191}}]},"8":{"line":2,"type":"if","locations":[{"start":{"line":2,"column":340},"end":{"line":2,"column":340}},{"start":{"line":2,"column":340},"end":{"line":2,"column":340}}]},"9":{"line":2,"type":"cond-expr","locations":[{"start":{"line":2,"column":513},"end":{"line":2,"column":517}},{"start":{"line":2,"column":520},"end":{"line":2,"column":524}}]},"10":{"line":2,"type":"binary-expr","locations":[{"start":{"line":2,"column":446},"end":{"line":2,"column":450}},{"start":{"line":2,"column":455},"end":{"line":2,"column":479}},{"start":{"line":2,"column":483},"end":{"line":2,"column":509}}]},"11":{"line":2,"type":"if","locations":[{"start":{"line":2,"column":568},"end":{"line":2,"column":568}},{"start":{"line":2,"column":568},"end":{"line":2,"column":568}}]},"12":{"line":2,"type":"binary-expr","locations":[{"start":{"line":2,"column":572},"end":{"line":2,"column":604}},{"start":{"line":2,"column":608},"end":{"line":2,"column":627}}]},"13":{"line":2,"type":"binary-expr","locations":[{"start":{"line":2,"column":766},"end":{"line":2,"column":776}},{"start":{"line":2,"column":780},"end":{"line":2,"column":800}}]},"14":{"line":2,"type":"if","locations":[{"start":{"line":2,"column":895},"end":{"line":2,"column":895}},{"start":{"line":2,"column":895},"end":{"line":2,"column":895}}]},"15":{"line":2,"type":"cond-expr","locations":[{"start":{"line":2,"column":935},"end":{"line":2,"column":978}},{"start":{"line":2,"column":981},"end":{"line":2,"column":1012}}]},"16":{"line":24,"type":"cond-expr","locations":[{"start":{"line":25,"column":6},"end":{"line":25,"column":23}},{"start":{"line":25,"column":26},"end":{"line":25,"column":43}}]}},"l":{"1":3,"2":1,"5":1,"7":1,"10":0,"11":1,"15":0,"19":0,"23":0,"24":0,"26":0,"43":1}}}
