{
"/home/marta/Git/wallet/app/CheckboxWithLabel.js":{"path":"/home/marta/Git/wallet/app/CheckboxWithLabel.js","s":{"1":1,"2":1,"3":1,"4":1,"5":2,"6":2,"7":2,"8":2,"9":2,"10":2,"11":1,"12":1,"13":1,"14":1,"15":0,"16":1,"17":1,"18":1,"19":1,"20":1,"21":1,"22":1,"23":0,"24":1,"25":1,"26":0,"27":1,"28":1,"29":1,"30":0,"31":1,"32":1,"33":1,"34":1,"35":1,"36":1,"37":1,"38":1,"39":1,"40":1,"41":1,"42":1,"43":1,"44":2,"45":1,"46":1},"b":{"1":[2,2],"2":[2,0],"3":[1,0],"4":[0,1],"5":[0,1],"6":[1,1],"7":[0,1],"8":[0,1],"9":[0,1],"10":[1,0,0],"11":[0,1],"12":[1,0],"13":[1,1],"14":[1,0],"15":[1,0],"16":[1,1]},"f":{"1":1,"2":1,"3":1,"4":1,"5":1,"6":1,"7":1,"8":1,"9":1,"10":1,"11":2},"fnMap":{"1":{"name":"(anonymous_1)","line":1,"loc":{"start":{"line":1,"column":118},"end":{"line":1,"column":130}}},"2":{"name":"defineProperties","line":1,"loc":{"start":{"line":1,"column":131},"end":{"line":1,"column":172}}},"3":{"name":"(anonymous_3)","line":1,"loc":{"start":{"line":1,"column":446},"end":{"line":1,"column":494}}},"4":{"name":"_interopRequireDefault","line":1,"loc":{"start":{"line":1,"column":772},"end":{"line":1,"column":809}}},"5":{"name":"_classCallCheck","line":1,"loc":{"start":{"line":1,"column":865},"end":{"line":1,"column":913}}},"6":{"name":"_possibleConstructorReturn","line":1,"loc":{"start":{"line":1,"column":1014},"end":{"line":1,"column":1062}}},"7":{"name":"_inherits","line":1,"loc":{"start":{"line":1,"column":1249},"end":{"line":1,"column":1290}}},"8":{"name":"(anonymous_8)","line":3,"loc":{"start":{"line":3,"column":20},"end":{"line":3,"column":48}}},"9":{"name":"CheckboxWithLabel","line":5,"loc":{"start":{"line":5,"column":2},"end":{"line":5,"column":36}}},"10":{"name":"onChange","line":11,"loc":{"start":{"line":11,"column":219},"end":{"line":14,"column":4}}},"11":{"name":"render","line":15,"loc":{"start":{"line":15,"column":87},"end":{"line":18,"column":4}}}},"statementMap":{"1":{"start":{"line":1,"column":37},"end":{"line":1,"column":99},"skip":true},"2":{"start":{"line":1,"column":99},"end":{"line":1,"column":648}},"3":{"start":{"line":1,"column":131},"end":{"line":1,"column":439}},"4":{"start":{"line":1,"column":173},"end":{"line":1,"column":438}},"5":{"start":{"line":1,"column":213},"end":{"line":1,"column":239}},"6":{"start":{"line":1,"column":239},"end":{"line":1,"column":294}},"7":{"start":{"line":1,"column":294},"end":{"line":1,"column":325}},"8":{"start":{"line":1,"column":325},"end":{"line":1,"column":379}},"9":{"start":{"line":1,"column":352},"end":{"line":1,"column":379}},"10":{"start":{"line":1,"column":379},"end":{"line":1,"column":437}},"11":{"start":{"line":1,"column":439},"end":{"line":1,"column":644}},"12":{"start":{"line":1,"column":495},"end":{"line":1,"column":563}},"13":{"start":{"line":1,"column":511},"end":{"line":1,"column":563}},"14":{"start":{"line":1,"column":563},"end":{"line":1,"column":623}},"15":{"start":{"line":1,"column":580},"end":{"line":1,"column":623}},"16":{"start":{"line":1,"column":623},"end":{"line":1,"column":642}},"17":{"start":{"line":1,"column":648},"end":{"line":1,"column":702}},"18":{"start":{"line":1,"column":727},"end":{"line":1,"column":772}},"19":{"start":{"line":1,"column":772},"end":{"line":1,"column":865}},"20":{"start":{"line":1,"column":810},"end":{"line":1,"column":864}},"21":{"start":{"line":1,"column":865},"end":{"line":1,"column":1014}},"22":{"start":{"line":1,"column":914},"end":{"line":1,"column":1013}},"23":{"start":{"line":1,"column":955},"end":{"line":1,"column":1012}},"24":{"start":{"line":1,"column":1014},"end":{"line":1,"column":1249}},"25":{"start":{"line":1,"column":1063},"end":{"line":1,"column":1162}},"26":{"start":{"line":1,"column":1075},"end":{"line":1,"column":1161}},"27":{"start":{"line":1,"column":1162},"end":{"line":1,"column":1248}},"28":{"start":{"line":1,"column":1249},"end":{"line":1,"column":1737}},"29":{"start":{"line":1,"column":1291},"end":{"line":1,"column":1454}},"30":{"start":{"line":1,"column":1353},"end":{"line":1,"column":1453}},"31":{"start":{"line":1,"column":1454},"end":{"line":1,"column":1618}},"32":{"start":{"line":1,"column":1618},"end":{"line":1,"column":1736}},"33":{"start":{"line":1,"column":1634},"end":{"line":1,"column":1736}},"34":{"start":{"line":1,"column":1737},"end":{"line":26,"column":159}},"35":{"start":{"line":3,"column":49},"end":{"line":3,"column":96}},"36":{"start":{"line":5,"column":2},"end":{"line":11,"column":160}},"37":{"start":{"line":5,"column":61},"end":{"line":5,"column":102}},"38":{"start":{"line":5,"column":127},"end":{"line":6,"column":12}},"39":{"start":{"line":7,"column":28},"end":{"line":7,"column":63}},"40":{"start":{"line":11,"column":28},"end":{"line":11,"column":121}},"41":{"start":{"line":11,"column":146},"end":{"line":11,"column":159},"skip":true},"42":{"start":{"line":11,"column":160},"end":{"line":26,"column":80}},"43":{"start":{"line":15,"column":6},"end":{"line":15,"column":58}},"44":{"start":{"line":19,"column":6},"end":{"line":26,"column":74}},"45":{"start":{"line":26,"column":80},"end":{"line":26,"column":105}},"46":{"start":{"line":26,"column":184},"end":{"line":26,"column":220}}},"branchMap":{"1":{"line":1,"type":"binary-expr","locations":[{"start":{"line":1,"column":263},"end":{"line":1,"column":284}},{"start":{"line":1,"column":288},"end":{"line":1,"column":293}}]},"2":{"line":1,"type":"if","locations":[{"start":{"line":1,"column":325},"end":{"line":1,"column":325}},{"start":{"line":1,"column":325},"end":{"line":1,"column":325}}]},"3":{"line":1,"type":"if","locations":[{"start":{"line":1,"column":495},"end":{"line":1,"column":495}},{"start":{"line":1,"column":495},"end":{"line":1,"column":495}}]},"4":{"line":1,"type":"if","locations":[{"start":{"line":1,"column":563},"end":{"line":1,"column":563}},{"start":{"line":1,"column":563},"end":{"line":1,"column":563}}]},"5":{"line":1,"type":"cond-expr","locations":[{"start":{"line":1,"column":841},"end":{"line":1,"column":844}},{"start":{"line":1,"column":847},"end":{"line":1,"column":863}}]},"6":{"line":1,"type":"binary-expr","locations":[{"start":{"line":1,"column":817},"end":{"line":1,"column":820}},{"start":{"line":1,"column":824},"end":{"line":1,"column":838}}]},"7":{"line":1,"type":"if","locations":[{"start":{"line":1,"column":914},"end":{"line":1,"column":914}},{"start":{"line":1,"column":914},"end":{"line":1,"column":914}}]},"8":{"line":1,"type":"if","locations":[{"start":{"line":1,"column":1063},"end":{"line":1,"column":1063}},{"start":{"line":1,"column":1063},"end":{"line":1,"column":1063}}]},"9":{"line":1,"type":"cond-expr","locations":[{"start":{"line":1,"column":1236},"end":{"line":1,"column":1240}},{"start":{"line":1,"column":1243},"end":{"line":1,"column":1247}}]},"10":{"line":1,"type":"binary-expr","locations":[{"start":{"line":1,"column":1169},"end":{"line":1,"column":1173}},{"start":{"line":1,"column":1178},"end":{"line":1,"column":1202}},{"start":{"line":1,"column":1206},"end":{"line":1,"column":1232}}]},"11":{"line":1,"type":"if","locations":[{"start":{"line":1,"column":1291},"end":{"line":1,"column":1291}},{"start":{"line":1,"column":1291},"end":{"line":1,"column":1291}}]},"12":{"line":1,"type":"binary-expr","locations":[{"start":{"line":1,"column":1295},"end":{"line":1,"column":1327}},{"start":{"line":1,"column":1331},"end":{"line":1,"column":1350}}]},"13":{"line":1,"type":"binary-expr","locations":[{"start":{"line":1,"column":1489},"end":{"line":1,"column":1499}},{"start":{"line":1,"column":1503},"end":{"line":1,"column":1523}}]},"14":{"line":1,"type":"if","locations":[{"start":{"line":1,"column":1618},"end":{"line":1,"column":1618}},{"start":{"line":1,"column":1618},"end":{"line":1,"column":1618}}]},"15":{"line":1,"type":"cond-expr","locations":[{"start":{"line":1,"column":1658},"end":{"line":1,"column":1701}},{"start":{"line":1,"column":1704},"end":{"line":1,"column":1735}}]},"16":{"line":26,"type":"cond-expr","locations":[{"start":{"line":26,"column":31},"end":{"line":26,"column":49}},{"start":{"line":26,"column":52},"end":{"line":26,"column":71}}]}},"l":{"1":2,"3":1,"5":1,"7":1,"11":1,"15":1,"19":2,"26":1}},
"/home/marta/Git/wallet/app/expenseRow.js":{"path":"/home/marta/Git/wallet/app/expenseRow.js","s":{"1":1,"2":1,"3":1,"4":1,"5":3,"6":3,"7":3,"8":3,"9":3,"10":3,"11":1,"12":1,"13":1,"14":1,"15":0,"16":1,"17":1,"18":1,"19":1,"20":1,"21":1,"22":1,"23":1,"24":0,"25":1,"26":1,"27":0,"28":1,"29":1,"30":1,"31":0,"32":1,"33":1,"34":1,"35":1,"36":1,"37":1,"38":1,"39":1,"40":1,"41":1,"42":1,"43":1,"44":0,"45":0,"46":1,"47":1,"48":1,"49":1,"50":1},"b":{"1":[3,3],"2":[3,0],"3":[1,0],"4":[0,1],"5":[0,1],"6":[1,1],"7":[0,1],"8":[0,1],"9":[0,1],"10":[1,0,0],"11":[0,1],"12":[1,0],"13":[1,1],"14":[1,0],"15":[1,0],"16":[0,1]},"f":{"1":1,"2":1,"3":1,"4":1,"5":1,"6":1,"7":1,"8":1,"9":1,"10":0,"11":0,"12":1},"fnMap":{"1":{"name":"(anonymous_1)","line":1,"loc":{"start":{"line":1,"column":118},"end":{"line":1,"column":130}}},"2":{"name":"defineProperties","line":1,"loc":{"start":{"line":1,"column":131},"end":{"line":1,"column":172}}},"3":{"name":"(anonymous_3)","line":1,"loc":{"start":{"line":1,"column":446},"end":{"line":1,"column":494}}},"4":{"name":"_interopRequireDefault","line":2,"loc":{"start":{"line":2,"column":98},"end":{"line":2,"column":135}}},"5":{"name":"_classCallCheck","line":2,"loc":{"start":{"line":2,"column":191},"end":{"line":2,"column":239}}},"6":{"name":"_possibleConstructorReturn","line":2,"loc":{"start":{"line":2,"column":340},"end":{"line":2,"column":388}}},"7":{"name":"_inherits","line":2,"loc":{"start":{"line":2,"column":575},"end":{"line":2,"column":616}}},"8":{"name":"(anonymous_8)","line":5,"loc":{"start":{"line":5,"column":13},"end":{"line":5,"column":41}}},"9":{"name":"ExpenseRow","line":7,"loc":{"start":{"line":7,"column":2},"end":{"line":7,"column":29}}},"10":{"name":"handleClick","line":11,"loc":{"start":{"line":11,"column":221},"end":{"line":14,"column":7}}},"11":{"name":"handleCategoryChange","line":15,"loc":{"start":{"line":15,"column":94},"end":{"line":18,"column":7}}},"12":{"name":"render","line":19,"loc":{"start":{"line":19,"column":97},"end":{"line":22,"column":4}}}},"statementMap":{"1":{"start":{"line":1,"column":37},"end":{"line":1,"column":99},"skip":true},"2":{"start":{"line":1,"column":99},"end":{"line":1,"column":648}},"3":{"start":{"line":1,"column":131},"end":{"line":1,"column":439}},"4":{"start":{"line":1,"column":173},"end":{"line":1,"column":438}},"5":{"start":{"line":1,"column":213},"end":{"line":1,"column":239}},"6":{"start":{"line":1,"column":239},"end":{"line":1,"column":294}},"7":{"start":{"line":1,"column":294},"end":{"line":1,"column":325}},"8":{"start":{"line":1,"column":325},"end":{"line":1,"column":379}},"9":{"start":{"line":1,"column":352},"end":{"line":1,"column":379}},"10":{"start":{"line":1,"column":379},"end":{"line":1,"column":437}},"11":{"start":{"line":1,"column":439},"end":{"line":1,"column":644}},"12":{"start":{"line":1,"column":495},"end":{"line":1,"column":563}},"13":{"start":{"line":1,"column":511},"end":{"line":1,"column":563}},"14":{"start":{"line":1,"column":563},"end":{"line":1,"column":623}},"15":{"start":{"line":1,"column":580},"end":{"line":1,"column":623}},"16":{"start":{"line":1,"column":623},"end":{"line":1,"column":642}},"17":{"start":{"line":1,"column":648},"end":{"line":1,"column":702}},"18":{"start":{"line":1,"column":727},"end":{"line":1,"column":772}},"19":{"start":{"line":2,"column":0},"end":{"line":2,"column":73}},"20":{"start":{"line":2,"column":98},"end":{"line":2,"column":191}},"21":{"start":{"line":2,"column":136},"end":{"line":2,"column":190}},"22":{"start":{"line":2,"column":191},"end":{"line":2,"column":340}},"23":{"start":{"line":2,"column":240},"end":{"line":2,"column":339}},"24":{"start":{"line":2,"column":281},"end":{"line":2,"column":338}},"25":{"start":{"line":2,"column":340},"end":{"line":2,"column":575}},"26":{"start":{"line":2,"column":389},"end":{"line":2,"column":488}},"27":{"start":{"line":2,"column":401},"end":{"line":2,"column":487}},"28":{"start":{"line":2,"column":488},"end":{"line":2,"column":574}},"29":{"start":{"line":2,"column":575},"end":{"line":2,"column":1063}},"30":{"start":{"line":2,"column":617},"end":{"line":2,"column":780}},"31":{"start":{"line":2,"column":679},"end":{"line":2,"column":779}},"32":{"start":{"line":2,"column":780},"end":{"line":2,"column":944}},"33":{"start":{"line":2,"column":944},"end":{"line":2,"column":1062}},"34":{"start":{"line":2,"column":960},"end":{"line":2,"column":1062}},"35":{"start":{"line":2,"column":1063},"end":{"line":45,"column":463}},"36":{"start":{"line":5,"column":42},"end":{"line":5,"column":82}},"37":{"start":{"line":7,"column":2},"end":{"line":11,"column":166}},"38":{"start":{"line":7,"column":54},"end":{"line":7,"column":88}},"39":{"start":{"line":7,"column":113},"end":{"line":8,"column":12}},"40":{"start":{"line":10,"column":28},"end":{"line":10,"column":145}},"41":{"start":{"line":11,"column":28},"end":{"line":11,"column":127},"skip":true},"42":{"start":{"line":11,"column":152},"end":{"line":11,"column":165},"skip":true},"43":{"start":{"line":11,"column":166},"end":{"line":45,"column":391}},"44":{"start":{"line":15,"column":6},"end":{"line":15,"column":51}},"45":{"start":{"line":19,"column":6},"end":{"line":19,"column":68}},"46":{"start":{"line":23,"column":6},"end":{"line":23,"column":49}},"47":{"start":{"line":24,"column":6},"end":{"line":25,"column":44}},"48":{"start":{"line":26,"column":6},"end":{"line":45,"column":385}},"49":{"start":{"line":45,"column":391},"end":{"line":45,"column":409},"skip":true},"50":{"start":{"line":45,"column":488},"end":{"line":45,"column":517}}},"branchMap":{"1":{"line":1,"type":"binary-expr","locations":[{"start":{"line":1,"column":263},"end":{"line":1,"column":284}},{"start":{"line":1,"column":288},"end":{"line":1,"column":293}}]},"2":{"line":1,"type":"if","locations":[{"start":{"line":1,"column":325},"end":{"line":1,"column":325}},{"start":{"line":1,"column":325},"end":{"line":1,"column":325}}]},"3":{"line":1,"type":"if","locations":[{"start":{"line":1,"column":495},"end":{"line":1,"column":495}},{"start":{"line":1,"column":495},"end":{"line":1,"column":495}}]},"4":{"line":1,"type":"if","locations":[{"start":{"line":1,"column":563},"end":{"line":1,"column":563}},{"start":{"line":1,"column":563},"end":{"line":1,"column":563}}]},"5":{"line":2,"type":"cond-expr","locations":[{"start":{"line":2,"column":167},"end":{"line":2,"column":170}},{"start":{"line":2,"column":173},"end":{"line":2,"column":189}}]},"6":{"line":2,"type":"binary-expr","locations":[{"start":{"line":2,"column":143},"end":{"line":2,"column":146}},{"start":{"line":2,"column":150},"end":{"line":2,"column":164}}]},"7":{"line":2,"type":"if","locations":[{"start":{"line":2,"column":240},"end":{"line":2,"column":240}},{"start":{"line":2,"column":240},"end":{"line":2,"column":240}}]},"8":{"line":2,"type":"if","locations":[{"start":{"line":2,"column":389},"end":{"line":2,"column":389}},{"start":{"line":2,"column":389},"end":{"line":2,"column":389}}]},"9":{"line":2,"type":"cond-expr","locations":[{"start":{"line":2,"column":562},"end":{"line":2,"column":566}},{"start":{"line":2,"column":569},"end":{"line":2,"column":573}}]},"10":{"line":2,"type":"binary-expr","locations":[{"start":{"line":2,"column":495},"end":{"line":2,"column":499}},{"start":{"line":2,"column":504},"end":{"line":2,"column":528}},{"start":{"line":2,"column":532},"end":{"line":2,"column":558}}]},"11":{"line":2,"type":"if","locations":[{"start":{"line":2,"column":617},"end":{"line":2,"column":617}},{"start":{"line":2,"column":617},"end":{"line":2,"column":617}}]},"12":{"line":2,"type":"binary-expr","locations":[{"start":{"line":2,"column":621},"end":{"line":2,"column":653}},{"start":{"line":2,"column":657},"end":{"line":2,"column":676}}]},"13":{"line":2,"type":"binary-expr","locations":[{"start":{"line":2,"column":815},"end":{"line":2,"column":825}},{"start":{"line":2,"column":829},"end":{"line":2,"column":849}}]},"14":{"line":2,"type":"if","locations":[{"start":{"line":2,"column":944},"end":{"line":2,"column":944}},{"start":{"line":2,"column":944},"end":{"line":2,"column":944}}]},"15":{"line":2,"type":"cond-expr","locations":[{"start":{"line":2,"column":984},"end":{"line":2,"column":1027}},{"start":{"line":2,"column":1030},"end":{"line":2,"column":1061}}]},"16":{"line":24,"type":"cond-expr","locations":[{"start":{"line":25,"column":6},"end":{"line":25,"column":23}},{"start":{"line":25,"column":26},"end":{"line":25,"column":43}}]}},"l":{"1":3,"2":1,"5":1,"7":1,"10":1,"11":1,"15":0,"19":0,"23":1,"24":1,"26":1,"45":1}}}
