TN:
SF:/home/marta/Git/wallet/app/CheckboxWithLabel.js
FN:1,(anonymous_1)
FN:1,defineProperties
FN:1,(anonymous_3)
FN:1,_interopRequireDefault
FN:1,_classCallCheck
FN:1,_possibleConstructorReturn
FN:1,_inherits
FN:3,(anonymous_8)
FN:5,CheckboxWithLabel
FN:11,onChange
FN:15,render
FNF:11
FNH:11
FNDA:1,(anonymous_1)
FNDA:1,defineProperties
FNDA:1,(anonymous_3)
FNDA:1,_interopRequireDefault
FNDA:1,_classCallCheck
FNDA:1,_possibleConstructorReturn
FNDA:1,_inherits
FNDA:1,(anonymous_8)
FNDA:1,CheckboxWithLabel
FNDA:1,onChange
FNDA:2,render
DA:1,2
DA:3,1
DA:5,1
DA:7,1
DA:11,1
DA:15,1
DA:19,2
DA:26,1
LF:8
LH:8
BRDA:1,1,0,2
BRDA:1,1,1,2
BRDA:1,2,0,2
BRDA:1,2,1,0
BRDA:1,3,0,1
BRDA:1,3,1,0
BRDA:1,4,0,0
BRDA:1,4,1,1
BRDA:1,5,0,0
BRDA:1,5,1,1
BRDA:1,6,0,1
BRDA:1,6,1,1
BRDA:1,7,0,0
BRDA:1,7,1,1
BRDA:1,8,0,0
BRDA:1,8,1,1
BRDA:1,9,0,0
BRDA:1,9,1,1
BRDA:1,10,0,1
BRDA:1,10,1,0
BRDA:1,10,2,0
BRDA:1,11,0,0
BRDA:1,11,1,1
BRDA:1,12,0,1
BRDA:1,12,1,0
BRDA:1,13,0,1
BRDA:1,13,1,1
BRDA:1,14,0,1
BRDA:1,14,1,0
BRDA:1,15,0,1
BRDA:1,15,1,0
BRDA:26,16,0,1
BRDA:26,16,1,1
BRF:33
BRH:20
end_of_record
TN:
SF:/home/marta/Git/wallet/app/expenseRow.js
FN:1,(anonymous_1)
FN:1,defineProperties
FN:1,(anonymous_3)
FN:2,_interopRequireDefault
FN:2,_classCallCheck
FN:2,_possibleConstructorReturn
FN:2,_inherits
FN:5,(anonymous_8)
FN:7,ExpenseRow
FN:11,handleClick
FN:15,handleCategoryChange
FN:19,render
FNF:12
FNH:10
FNDA:1,(anonymous_1)
FNDA:1,defineProperties
FNDA:1,(anonymous_3)
FNDA:1,_interopRequireDefault
FNDA:1,_classCallCheck
FNDA:1,_possibleConstructorReturn
FNDA:1,_inherits
FNDA:1,(anonymous_8)
FNDA:1,ExpenseRow
FNDA:0,handleClick
FNDA:0,handleCategoryChange
FNDA:1,render
DA:1,3
DA:2,1
DA:5,1
DA:7,1
DA:10,1
DA:11,1
DA:15,0
DA:19,0
DA:23,1
DA:24,1
DA:26,1
DA:45,1
LF:12
LH:10
BRDA:1,1,0,3
BRDA:1,1,1,3
BRDA:1,2,0,3
BRDA:1,2,1,0
BRDA:1,3,0,1
BRDA:1,3,1,0
BRDA:1,4,0,0
BRDA:1,4,1,1
BRDA:2,5,0,0
BRDA:2,5,1,1
BRDA:2,6,0,1
BRDA:2,6,1,1
BRDA:2,7,0,0
BRDA:2,7,1,1
BRDA:2,8,0,0
BRDA:2,8,1,1
BRDA:2,9,0,0
BRDA:2,9,1,1
BRDA:2,10,0,1
BRDA:2,10,1,0
BRDA:2,10,2,0
BRDA:2,11,0,0
BRDA:2,11,1,1
BRDA:2,12,0,1
BRDA:2,12,1,0
BRDA:2,13,0,1
BRDA:2,13,1,1
BRDA:2,14,0,1
BRDA:2,14,1,0
BRDA:2,15,0,1
BRDA:2,15,1,0
BRDA:24,16,0,0
BRDA:24,16,1,1
BRF:33
BRH:19
end_of_record
